<?xml version="1.0" encoding="UTF-8"?>
<!-- Generated by org.testng.reporters.JUnitXMLReporter -->
<testsuite ignored="0" hostname="DESKTOP-NAC05LQ" failures="0" tests="8" name="Surefire test" time="111.3" errors="0" timestamp="2026-08-02T20:04:21 PST">
  <testcase classname="regression.DemoGuruTestCases" name="tc10_VerifySubscriptionInHomePage" time="0.268"/>
  <testcase classname="regression.DemoGuruTestCases" name="tc11_VerifySubscriptionInCartPage" time="1.783"/>
  <testcase classname="regression.DemoGuruTestCases" name="tc12_AddProductsInCart" time="4.482"/>
  <testcase classname="regression.DemoGuruTestCases" name="tc13_VerifyProductQuantityInCart" time="4.505"/>
  <testcase classname="regression.DemoGuruTestCases" name="tc14_PlaceOrderRegisterWhileCheckout" time="20.108"/>
  <testcase classname="regression.DemoGuruTestCases" name="tc15_PlaceOrderRegisterBeforeCheckout" time="15.437"/>
  <testcase classname="regression.DemoGuruTestCases" name="tc16_PlaceOrderLoginBeforeCheckout" time="23.741"/>
  <testcase classname="regression.DemoGuruTestCases" name="tc17_RemoveProductsFromCart" time="7.466"/>
</testsuite> <!-- Surefire test -->
