<?xml version="1.0" encoding="UTF-8"?>
<!-- Generated by org.testng.reporters.JUnitXMLReporter -->
<testsuite ignored="0" hostname="DESKTOP-NAC05LQ" failures="0" tests="26" name="Surefire test" time="581.268" errors="0" timestamp="2026-08-04T21:21:23 PST">
  <testcase classname="regression.DemoGuruTestCases" name="@BeforeMethod setup" time="180.764">
    <failure type="org.openqa.selenium.TimeoutException" message="java.util.concurrent.TimeoutException
Build info: version: &amp;apos;4.25.0&amp;apos;, revision: &amp;apos;8a8aea2337&amp;apos;
System info: os.name: &amp;apos;Windows 11&amp;apos;, os.arch: &amp;apos;amd64&amp;apos;, os.version: &amp;apos;10.0&amp;apos;, java.version: &amp;apos;23.0.1&amp;apos;
Driver info: org.openqa.selenium.chrome.ChromeDriver
Command: [3f6e9295974a9dec6b89e04e402b586a, get {url=https://automationexercise.com/}]
Capabilities {acceptInsecureCerts: true, browserName: chrome, browserVersion: 151.0.7922.71, chrome: {chromedriverVersion: 151.0.7922.71 (ef35003457e9..., userDataDir: C:\Users\Raylen\AppData\Loc...}, fedcm:accounts: true, goog:chromeOptions: {debuggerAddress: localhost:53832}, goog:processID: 25964, networkConnectionEnabled: false, pageLoadStrategy: normal, platformName: windows, proxy: Proxy(), se:cdp: ws://localhost:53832/devtoo..., se:cdpVersion: 151.0.7922.71, setWindowRect: true, strictFileInteractability: false, timeouts: {implicit: 0, pageLoad: 300000, script: 30000}, unhandledPromptBehavior: dismiss and notify, webauthn:extension:credBlob: true, webauthn:extension:largeBlob: true, webauthn:extension:minPinLength: true, webauthn:extension:prf: true, webauthn:virtualAuthenticators: true}
Session ID: 3f6e9295974a9dec6b89e04e402b586a">
      <![CDATA[org.openqa.selenium.TimeoutException: java.util.concurrent.TimeoutException
Build info: version: '4.25.0', revision: '8a8aea2337'
System info: os.name: 'Windows 11', os.arch: 'amd64', os.version: '10.0', java.version: '23.0.1'
Driver info: org.openqa.selenium.chrome.ChromeDriver
Command: [3f6e9295974a9dec6b89e04e402b586a, get {url=https://automationexercise.com/}]
Capabilities {acceptInsecureCerts: true, browserName: chrome, browserVersion: 151.0.7922.71, chrome: {chromedriverVersion: 151.0.7922.71 (ef35003457e9..., userDataDir: C:\Users\Raylen\AppData\Loc...}, fedcm:accounts: true, goog:chromeOptions: {debuggerAddress: localhost:53832}, goog:processID: 25964, networkConnectionEnabled: false, pageLoadStrategy: normal, platformName: windows, proxy: Proxy(), se:cdp: ws://localhost:53832/devtoo..., se:cdpVersion: 151.0.7922.71, setWindowRect: true, strictFileInteractability: false, timeouts: {implicit: 0, pageLoad: 300000, script: 30000}, unhandledPromptBehavior: dismiss and notify, webauthn:extension:credBlob: true, webauthn:extension:largeBlob: true, webauthn:extension:minPinLength: true, webauthn:extension:prf: true, webauthn:virtualAuthenticators: true}
Session ID: 3f6e9295974a9dec6b89e04e402b586a
at org.openqa.selenium.remote.http.jdk.JdkHttpClient.execute0(JdkHttpClient.java:418)
at org.openqa.selenium.remote.http.AddSeleniumUserAgent.lambda$apply$0(AddSeleniumUserAgent.java:42)
at org.openqa.selenium.remote.http.Filter.lambda$andFinally$1(Filter.java:55)
at org.openqa.selenium.remote.http.jdk.JdkHttpClient.execute(JdkHttpClient.java:374)
at org.openqa.selenium.remote.HttpCommandExecutor.execute(HttpCommandExecutor.java:187)
at org.openqa.selenium.remote.service.DriverCommandExecutor.invokeExecute(DriverCommandExecutor.java:216)
at org.openqa.selenium.remote.service.DriverCommandExecutor.execute(DriverCommandExecutor.java:174)
at org.openqa.selenium.remote.RemoteWebDriver.execute(RemoteWebDriver.java:545)
at org.openqa.selenium.remote.RemoteWebDriver.get(RemoteWebDriver.java:313)
at base.BaseTest.initializeBrowser(BaseTest.java:296)
at regression.DemoGuruTestCases.setup(DemoGuruTestCases.java:69)
at java.base/java.util.ArrayList.forEach(ArrayList.java:1597)
Caused by: java.util.concurrent.TimeoutException
at java.base/java.util.concurrent.CompletableFuture.timedGet(CompletableFuture.java:2004)
at java.base/java.util.concurrent.CompletableFuture.get(CompletableFuture.java:2139)
at org.openqa.selenium.remote.http.jdk.JdkHttpClient.execute0(JdkHttpClient.java:401)
... 45 more
... Removed 34 stack frames]]>
    </failure>
  </testcase> <!-- @BeforeMethod setup -->
  <testcase classname="base.BaseTest" name="@AfterTest afterTest" time="0.0">
    <skipped/>
  </testcase> <!-- @AfterTest afterTest -->
  <testcase classname="regression.DemoGuruTestCases" name="tc_01_registerUser" time="14.14"/>
  <testcase classname="regression.DemoGuruTestCases" name="tc_02_LoginSuccesfully" time="24.916"/>
  <testcase classname="regression.DemoGuruTestCases" name="tc_03_LoginWithIncorrectEmailAndPass" time="20.971"/>
  <testcase classname="regression.DemoGuruTestCases" name="tc_04_LogoutUser" time="25.425"/>
  <testcase classname="regression.DemoGuruTestCases" name="tc_05_SignUpWithExistingEmail" time="4.886"/>
  <testcase classname="regression.DemoGuruTestCases" name="tc_06_ContactUsForm" time="5.818"/>
  <testcase classname="regression.DemoGuruTestCases" name="tc_07_TestCasesPage" time="2.603"/>
  <testcase classname="regression.DemoGuruTestCases" name="tc_08_ProductPage" time="5.459"/>
  <testcase classname="regression.DemoGuruTestCases" name="tc_09_SearchProduct" time="5.447"/>
  <testcase classname="regression.DemoGuruTestCases" name="tc10_VerifySubscriptionInHomePage" time="0.17"/>
  <testcase classname="regression.DemoGuruTestCases" name="tc11_VerifySubscriptionInCartPage" time="3.099"/>
  <testcase classname="regression.DemoGuruTestCases" name="tc12_AddProductsInCart" time="0.0">
    <skipped/>
  </testcase> <!-- tc12_AddProductsInCart -->
  <testcase classname="regression.DemoGuruTestCases" name="tc13_VerifyProductQuantityInCart" time="0.0">
    <skipped/>
  </testcase> <!-- tc13_VerifyProductQuantityInCart -->
  <testcase classname="regression.DemoGuruTestCases" name="tc14_PlaceOrderRegisterWhileCheckout" time="0.0">
    <skipped/>
  </testcase> <!-- tc14_PlaceOrderRegisterWhileCheckout -->
  <testcase classname="regression.DemoGuruTestCases" name="tc15_PlaceOrderRegisterBeforeCheckout" time="0.0">
    <skipped/>
  </testcase> <!-- tc15_PlaceOrderRegisterBeforeCheckout -->
  <testcase classname="regression.DemoGuruTestCases" name="tc16_PlaceOrderLoginBeforeCheckout" time="0.0">
    <skipped/>
  </testcase> <!-- tc16_PlaceOrderLoginBeforeCheckout -->
  <testcase classname="regression.DemoGuruTestCases" name="tc17_RemoveProductsFromCart" time="0.0">
    <skipped/>
  </testcase> <!-- tc17_RemoveProductsFromCart -->
  <testcase classname="regression.DemoGuruTestCases" name="tc18_ViewCategoryProducts" time="0.0">
    <skipped/>
  </testcase> <!-- tc18_ViewCategoryProducts -->
  <testcase classname="regression.DemoGuruTestCases" name="tc19_ViewAndCartBrandProducts" time="0.0">
    <skipped/>
  </testcase> <!-- tc19_ViewAndCartBrandProducts -->
  <testcase classname="regression.DemoGuruTestCases" name="tc20_SearchProductsAndVerifyCartAfterLogin" time="0.0">
    <skipped/>
  </testcase> <!-- tc20_SearchProductsAndVerifyCartAfterLogin -->
  <testcase classname="regression.DemoGuruTestCases" name="tc21_AddReviewOnProduct" time="0.0">
    <skipped/>
  </testcase> <!-- tc21_AddReviewOnProduct -->
  <testcase classname="regression.DemoGuruTestCases" name="tc22_AddToCartFromRecommendedItems" time="0.0">
    <skipped/>
  </testcase> <!-- tc22_AddToCartFromRecommendedItems -->
  <testcase classname="regression.DemoGuruTestCases" name="tc23_VerifyAddressDetailsInCheckoutPage" time="0.0">
    <skipped/>
  </testcase> <!-- tc23_VerifyAddressDetailsInCheckoutPage -->
  <testcase classname="regression.DemoGuruTestCases" name="tc24_DownloadInvoiceAfterPurchaseOrder" time="0.0">
    <skipped/>
  </testcase> <!-- tc24_DownloadInvoiceAfterPurchaseOrder -->
  <testcase classname="regression.DemoGuruTestCases" name="tc25_VerifyScrollUpUsingArrowButtonAndScrollDownFunctionality" time="0.0">
    <skipped/>
  </testcase> <!-- tc25_VerifyScrollUpUsingArrowButtonAndScrollDownFunctionality -->
  <testcase classname="regression.DemoGuruTestCases" name="tc26_VerifyScrollUpWithoutArrowButtonAndScrollDownFunctionality" time="0.0">
    <skipped/>
  </testcase> <!-- tc26_VerifyScrollUpWithoutArrowButtonAndScrollDownFunctionality -->
</testsuite> <!-- Surefire test -->
