<?xml version="1.0" encoding="UTF-8"?>
<!-- Generated by org.testng.reporters.JUnitXMLReporter -->
<testsuite ignored="0" hostname="DESKTOP-1NBB4UE" failures="0" tests="3" name="Test" time="23.787" errors="0" timestamp="2026-07-21T09:13:58 PST">
  <testcase classname="regression.DemoGuruTestCases" name="tc_01_Register" time="5.424"/>
  <testcase classname="regression.DemoGuruTestCases" name="tc_02_Login" time="1.921"/>
  <testcase classname="regression.DemoGuruTestCases" name="tc_03_Reservation" time="2.06"/>
</testsuite> <!-- Test -->
