<?xml version="1.0" encoding="UTF-8"?>
<!-- Generated by org.testng.reporters.JUnitXMLReporter -->
<testsuite ignored="0" hostname="DESKTOP-OJ35B1P" failures="0" tests="26" name="Test" time="561.522" errors="0" timestamp="2026-08-04T22:38:23 CST">
  <testcase classname="regression.DemoGuruTestCases" name="tc_01_registerUser" time="15.261"/>
  <testcase classname="regression.DemoGuruTestCases" name="tc_02_LoginSuccesfully" time="25.147"/>
  <testcase classname="regression.DemoGuruTestCases" name="tc_03_LoginWithIncorrectEmailAndPass" time="23.414"/>
  <testcase classname="regression.DemoGuruTestCases" name="tc_04_LogoutUser" time="26.125"/>
  <testcase classname="regression.DemoGuruTestCases" name="tc_05_SignUpWithExistingEmail" time="5.934"/>
  <testcase classname="regression.DemoGuruTestCases" name="tc_06_ContactUsForm" time="14.49"/>
  <testcase classname="regression.DemoGuruTestCases" name="tc_07_TestCasesPage" time="3.041"/>
  <testcase classname="regression.DemoGuruTestCases" name="tc_08_ProductPage" time="5.047"/>
  <testcase classname="regression.DemoGuruTestCases" name="tc_09_SearchProduct" time="5.087"/>
  <testcase classname="regression.DemoGuruTestCases" name="tc10_VerifySubscriptionInHomePage" time="0.393"/>
  <testcase classname="regression.DemoGuruTestCases" name="tc11_VerifySubscriptionInCartPage" time="2.718"/>
  <testcase classname="regression.DemoGuruTestCases" name="tc12_AddProductsInCart" time="7.245"/>
  <testcase classname="regression.DemoGuruTestCases" name="tc13_VerifyProductQuantityInCart" time="6.558"/>
  <testcase classname="regression.DemoGuruTestCases" name="tc14_PlaceOrderRegisterWhileCheckout" time="36.963"/>
  <testcase classname="regression.DemoGuruTestCases" name="tc15_PlaceOrderRegisterBeforeCheckout" time="32.05"/>
  <testcase classname="regression.DemoGuruTestCases" name="tc16_PlaceOrderLoginBeforeCheckout" time="46.149"/>
  <testcase classname="regression.DemoGuruTestCases" name="tc17_RemoveProductsFromCart" time="6.564"/>
  <testcase classname="regression.DemoGuruTestCases" name="tc18_ViewCategoryProducts" time="5.806"/>
  <testcase classname="regression.DemoGuruTestCases" name="tc19_ViewAndCartBrandProducts" time="7.363"/>
  <testcase classname="regression.DemoGuruTestCases" name="tc20_SearchProductsAndVerifyCartAfterLogin" time="20.504"/>
  <testcase classname="regression.DemoGuruTestCases" name="tc21_AddReviewOnProduct" time="6.166"/>
  <testcase classname="regression.DemoGuruTestCases" name="tc22_AddToCartFromRecommendedItems" time="2.924"/>
  <testcase classname="regression.DemoGuruTestCases" name="tc23_VerifyAddressDetailsInCheckoutPage" time="26.431"/>
  <testcase classname="regression.DemoGuruTestCases" name="tc24_DownloadInvoiceAfterPurchaseOrder" time="39.263"/>
  <testcase classname="regression.DemoGuruTestCases" name="tc25_VerifyScrollUpUsingArrowButtonAndScrollDownFunctionality" time="0.215"/>
  <testcase classname="regression.DemoGuruTestCases" name="tc26_VerifyScrollUpWithoutArrowButtonAndScrollDownFunctionality" time="0.197"/>
</testsuite> <!-- Test -->
