<?xml version="1.0" encoding="UTF-8"?>
<testng-results ignored="0" total="8" passed="8" failed="0" skipped="0">
  <reporter-output>
  </reporter-output>
  <suite started-at="2026-08-02T20:02:30 PST" name="Surefire suite" finished-at="2026-08-02T20:04:21 PST" duration-ms="111300">
    <groups>
    </groups>
    <test started-at="2026-08-02T20:02:30 PST" name="Surefire test" finished-at="2026-08-02T20:04:21 PST" duration-ms="111300">
      <class name="regression.DemoGuruTestCases">
        <test-method is-config="true" signature="prepareReport(java.lang.String)[pri:0, instance:regression.DemoGuruTestCases@c267ef4]" started-at="2026-08-02T20:02:30 PST" name="prepareReport" finished-at="2026-08-02T20:02:30 PST" duration-ms="115" status="PASS">
          <params>
            <param index="0">
              <value>
                <![CDATA[chrome]]>
              </value>
            </param>
          </params>
          <reporter-output>
          </reporter-output>
        </test-method> <!-- prepareReport -->
        <test-method is-config="true" signature="setup(java.lang.reflect.Method)[pri:0, instance:regression.DemoGuruTestCases@c267ef4]" started-at="2026-08-02T20:02:30 PST" name="setup" finished-at="2026-08-02T20:02:34 PST" duration-ms="4068" status="PASS">
          <params>
            <param index="0">
              <value>
                <![CDATA[public void regression.DemoGuruTestCases.tc10_VerifySubscriptionInHomePage()]]>
              </value>
            </param>
          </params>
          <reporter-output>
          </reporter-output>
        </test-method> <!-- setup -->
        <test-method signature="tc10_VerifySubscriptionInHomePage()[pri:10, instance:regression.DemoGuruTestCases@c267ef4]" started-at="2026-08-02T20:02:34 PST" name="tc10_VerifySubscriptionInHomePage" finished-at="2026-08-02T20:02:34 PST" duration-ms="268" status="PASS">
          <reporter-output>
          </reporter-output>
        </test-method> <!-- tc10_VerifySubscriptionInHomePage -->
        <test-method is-config="true" signature="afterMethod(org.testng.ITestResult)[pri:0, instance:regression.DemoGuruTestCases@c267ef4]" started-at="2026-08-02T20:02:34 PST" name="afterMethod" finished-at="2026-08-02T20:02:35 PST" duration-ms="410" status="PASS">
          <params>
            <param index="0">
              <value>
                <![CDATA[[TestResult name=tc10_VerifySubscriptionInHomePage status=SUCCESS method=DemoGuruTestCases.tc10_VerifySubscriptionInHomePage()[pri:10, instance:regression.DemoGuruTestCases@c267ef4] output={null}]]]>
              </value>
            </param>
          </params>
          <reporter-output>
          </reporter-output>
        </test-method> <!-- afterMethod -->
        <test-method is-config="true" signature="setup(java.lang.reflect.Method)[pri:0, instance:regression.DemoGuruTestCases@c267ef4]" started-at="2026-08-02T20:02:35 PST" name="setup" finished-at="2026-08-02T20:02:38 PST" duration-ms="3094" status="PASS">
          <params>
            <param index="0">
              <value>
                <![CDATA[public void regression.DemoGuruTestCases.tc11_VerifySubscriptionInCartPage()]]>
              </value>
            </param>
          </params>
          <reporter-output>
          </reporter-output>
        </test-method> <!-- setup -->
        <test-method signature="tc11_VerifySubscriptionInCartPage()[pri:11, instance:regression.DemoGuruTestCases@c267ef4]" started-at="2026-08-02T20:02:38 PST" name="tc11_VerifySubscriptionInCartPage" finished-at="2026-08-02T20:02:39 PST" duration-ms="1783" status="PASS">
          <reporter-output>
          </reporter-output>
        </test-method> <!-- tc11_VerifySubscriptionInCartPage -->
        <test-method is-config="true" signature="afterMethod(org.testng.ITestResult)[pri:0, instance:regression.DemoGuruTestCases@c267ef4]" started-at="2026-08-02T20:02:39 PST" name="afterMethod" finished-at="2026-08-02T20:02:40 PST" duration-ms="168" status="PASS">
          <params>
            <param index="0">
              <value>
                <![CDATA[[TestResult name=tc11_VerifySubscriptionInCartPage status=SUCCESS method=DemoGuruTestCases.tc11_VerifySubscriptionInCartPage()[pri:11, instance:regression.DemoGuruTestCases@c267ef4] output={null}]]]>
              </value>
            </param>
          </params>
          <reporter-output>
          </reporter-output>
        </test-method> <!-- afterMethod -->
        <test-method is-config="true" signature="setup(java.lang.reflect.Method)[pri:0, instance:regression.DemoGuruTestCases@c267ef4]" started-at="2026-08-02T20:02:40 PST" name="setup" finished-at="2026-08-02T20:02:43 PST" duration-ms="2947" status="PASS">
          <params>
            <param index="0">
              <value>
                <![CDATA[public void regression.DemoGuruTestCases.tc12_AddProductsInCart()]]>
              </value>
            </param>
          </params>
          <reporter-output>
          </reporter-output>
        </test-method> <!-- setup -->
        <test-method signature="tc12_AddProductsInCart()[pri:12, instance:regression.DemoGuruTestCases@c267ef4]" started-at="2026-08-02T20:02:43 PST" name="tc12_AddProductsInCart" finished-at="2026-08-02T20:02:47 PST" duration-ms="4482" status="PASS">
          <reporter-output>
          </reporter-output>
        </test-method> <!-- tc12_AddProductsInCart -->
        <test-method is-config="true" signature="afterMethod(org.testng.ITestResult)[pri:0, instance:regression.DemoGuruTestCases@c267ef4]" started-at="2026-08-02T20:02:47 PST" name="afterMethod" finished-at="2026-08-02T20:02:47 PST" duration-ms="192" status="PASS">
          <params>
            <param index="0">
              <value>
                <![CDATA[[TestResult name=tc12_AddProductsInCart status=SUCCESS method=DemoGuruTestCases.tc12_AddProductsInCart()[pri:12, instance:regression.DemoGuruTestCases@c267ef4] output={null}]]]>
              </value>
            </param>
          </params>
          <reporter-output>
          </reporter-output>
        </test-method> <!-- afterMethod -->
        <test-method is-config="true" signature="setup(java.lang.reflect.Method)[pri:0, instance:regression.DemoGuruTestCases@c267ef4]" started-at="2026-08-02T20:02:47 PST" name="setup" finished-at="2026-08-02T20:02:50 PST" duration-ms="3182" status="PASS">
          <params>
            <param index="0">
              <value>
                <![CDATA[public void regression.DemoGuruTestCases.tc13_VerifyProductQuantityInCart()]]>
              </value>
            </param>
          </params>
          <reporter-output>
          </reporter-output>
        </test-method> <!-- setup -->
        <test-method signature="tc13_VerifyProductQuantityInCart()[pri:13, instance:regression.DemoGuruTestCases@c267ef4]" started-at="2026-08-02T20:02:50 PST" name="tc13_VerifyProductQuantityInCart" finished-at="2026-08-02T20:02:55 PST" duration-ms="4505" status="PASS">
          <reporter-output>
          </reporter-output>
        </test-method> <!-- tc13_VerifyProductQuantityInCart -->
        <test-method is-config="true" signature="afterMethod(org.testng.ITestResult)[pri:0, instance:regression.DemoGuruTestCases@c267ef4]" started-at="2026-08-02T20:02:55 PST" name="afterMethod" finished-at="2026-08-02T20:02:55 PST" duration-ms="179" status="PASS">
          <params>
            <param index="0">
              <value>
                <![CDATA[[TestResult name=tc13_VerifyProductQuantityInCart status=SUCCESS method=DemoGuruTestCases.tc13_VerifyProductQuantityInCart()[pri:13, instance:regression.DemoGuruTestCases@c267ef4] output={null}]]]>
              </value>
            </param>
          </params>
          <reporter-output>
          </reporter-output>
        </test-method> <!-- afterMethod -->
        <test-method is-config="true" signature="setup(java.lang.reflect.Method)[pri:0, instance:regression.DemoGuruTestCases@c267ef4]" started-at="2026-08-02T20:02:55 PST" name="setup" finished-at="2026-08-02T20:02:59 PST" duration-ms="3681" status="PASS">
          <params>
            <param index="0">
              <value>
                <![CDATA[public void regression.DemoGuruTestCases.tc14_PlaceOrderRegisterWhileCheckout()]]>
              </value>
            </param>
          </params>
          <reporter-output>
          </reporter-output>
        </test-method> <!-- setup -->
        <test-method signature="tc14_PlaceOrderRegisterWhileCheckout()[pri:14, instance:regression.DemoGuruTestCases@c267ef4]" started-at="2026-08-02T20:02:59 PST" name="tc14_PlaceOrderRegisterWhileCheckout" finished-at="2026-08-02T20:03:19 PST" duration-ms="20108" status="PASS">
          <reporter-output>
          </reporter-output>
        </test-method> <!-- tc14_PlaceOrderRegisterWhileCheckout -->
        <test-method is-config="true" signature="afterMethod(org.testng.ITestResult)[pri:0, instance:regression.DemoGuruTestCases@c267ef4]" started-at="2026-08-02T20:03:19 PST" name="afterMethod" finished-at="2026-08-02T20:03:19 PST" duration-ms="261" status="PASS">
          <params>
            <param index="0">
              <value>
                <![CDATA[[TestResult name=tc14_PlaceOrderRegisterWhileCheckout status=SUCCESS method=DemoGuruTestCases.tc14_PlaceOrderRegisterWhileCheckout()[pri:14, instance:regression.DemoGuruTestCases@c267ef4] output={null}]]]>
              </value>
            </param>
          </params>
          <reporter-output>
          </reporter-output>
        </test-method> <!-- afterMethod -->
        <test-method is-config="true" signature="setup(java.lang.reflect.Method)[pri:0, instance:regression.DemoGuruTestCases@c267ef4]" started-at="2026-08-02T20:03:19 PST" name="setup" finished-at="2026-08-02T20:03:22 PST" duration-ms="3244" status="PASS">
          <params>
            <param index="0">
              <value>
                <![CDATA[public void regression.DemoGuruTestCases.tc15_PlaceOrderRegisterBeforeCheckout()]]>
              </value>
            </param>
          </params>
          <reporter-output>
          </reporter-output>
        </test-method> <!-- setup -->
        <test-method signature="tc15_PlaceOrderRegisterBeforeCheckout()[pri:15, instance:regression.DemoGuruTestCases@c267ef4]" started-at="2026-08-02T20:03:22 PST" name="tc15_PlaceOrderRegisterBeforeCheckout" finished-at="2026-08-02T20:03:38 PST" duration-ms="15437" status="PASS">
          <reporter-output>
          </reporter-output>
        </test-method> <!-- tc15_PlaceOrderRegisterBeforeCheckout -->
        <test-method is-config="true" signature="afterMethod(org.testng.ITestResult)[pri:0, instance:regression.DemoGuruTestCases@c267ef4]" started-at="2026-08-02T20:03:38 PST" name="afterMethod" finished-at="2026-08-02T20:03:38 PST" duration-ms="252" status="PASS">
          <params>
            <param index="0">
              <value>
                <![CDATA[[TestResult name=tc15_PlaceOrderRegisterBeforeCheckout status=SUCCESS method=DemoGuruTestCases.tc15_PlaceOrderRegisterBeforeCheckout()[pri:15, instance:regression.DemoGuruTestCases@c267ef4] output={null}]]]>
              </value>
            </param>
          </params>
          <reporter-output>
          </reporter-output>
        </test-method> <!-- afterMethod -->
        <test-method is-config="true" signature="setup(java.lang.reflect.Method)[pri:0, instance:regression.DemoGuruTestCases@c267ef4]" started-at="2026-08-02T20:03:38 PST" name="setup" finished-at="2026-08-02T20:03:41 PST" duration-ms="2959" status="PASS">
          <params>
            <param index="0">
              <value>
                <![CDATA[public void regression.DemoGuruTestCases.tc16_PlaceOrderLoginBeforeCheckout()]]>
              </value>
            </param>
          </params>
          <reporter-output>
          </reporter-output>
        </test-method> <!-- setup -->
        <test-method signature="tc16_PlaceOrderLoginBeforeCheckout()[pri:16, instance:regression.DemoGuruTestCases@c267ef4]" started-at="2026-08-02T20:03:41 PST" name="tc16_PlaceOrderLoginBeforeCheckout" finished-at="2026-08-02T20:04:05 PST" duration-ms="23741" status="PASS">
          <reporter-output>
          </reporter-output>
        </test-method> <!-- tc16_PlaceOrderLoginBeforeCheckout -->
        <test-method is-config="true" signature="afterMethod(org.testng.ITestResult)[pri:0, instance:regression.DemoGuruTestCases@c267ef4]" started-at="2026-08-02T20:04:05 PST" name="afterMethod" finished-at="2026-08-02T20:04:05 PST" duration-ms="308" status="PASS">
          <params>
            <param index="0">
              <value>
                <![CDATA[[TestResult name=tc16_PlaceOrderLoginBeforeCheckout status=SUCCESS method=DemoGuruTestCases.tc16_PlaceOrderLoginBeforeCheckout()[pri:16, instance:regression.DemoGuruTestCases@c267ef4] output={null}]]]>
              </value>
            </param>
          </params>
          <reporter-output>
          </reporter-output>
        </test-method> <!-- afterMethod -->
        <test-method is-config="true" signature="setup(java.lang.reflect.Method)[pri:0, instance:regression.DemoGuruTestCases@c267ef4]" started-at="2026-08-02T20:04:05 PST" name="setup" finished-at="2026-08-02T20:04:13 PST" duration-ms="8249" status="PASS">
          <params>
            <param index="0">
              <value>
                <![CDATA[public void regression.DemoGuruTestCases.tc17_RemoveProductsFromCart()]]>
              </value>
            </param>
          </params>
          <reporter-output>
          </reporter-output>
        </test-method> <!-- setup -->
        <test-method signature="tc17_RemoveProductsFromCart()[pri:17, instance:regression.DemoGuruTestCases@c267ef4]" started-at="2026-08-02T20:04:13 PST" name="tc17_RemoveProductsFromCart" finished-at="2026-08-02T20:04:21 PST" duration-ms="7466" status="PASS">
          <reporter-output>
          </reporter-output>
        </test-method> <!-- tc17_RemoveProductsFromCart -->
        <test-method is-config="true" signature="afterMethod(org.testng.ITestResult)[pri:0, instance:regression.DemoGuruTestCases@c267ef4]" started-at="2026-08-02T20:04:21 PST" name="afterMethod" finished-at="2026-08-02T20:04:21 PST" duration-ms="171" status="PASS">
          <params>
            <param index="0">
              <value>
                <![CDATA[[TestResult name=tc17_RemoveProductsFromCart status=SUCCESS method=DemoGuruTestCases.tc17_RemoveProductsFromCart()[pri:17, instance:regression.DemoGuruTestCases@c267ef4] output={null}]]]>
              </value>
            </param>
          </params>
          <reporter-output>
          </reporter-output>
        </test-method> <!-- afterMethod -->
        <test-method is-config="true" signature="afterTest()[pri:0, instance:regression.DemoGuruTestCases@c267ef4]" started-at="2026-08-02T20:04:21 PST" name="afterTest" finished-at="2026-08-02T20:04:21 PST" duration-ms="6" status="PASS">
          <reporter-output>
          </reporter-output>
        </test-method> <!-- afterTest -->
      </class> <!-- regression.DemoGuruTestCases -->
    </test> <!-- Surefire test -->
  </suite> <!-- Surefire suite -->
</testng-results>
