<?xml version="1.0" encoding="UTF-8"?>
<testsuite xmlns:xsi="http://www.w3.org/2001/XMLSchema-instance" xsi:noNamespaceSchemaLocation="https://maven.apache.org/surefire/maven-surefire-plugin/xsd/surefire-test-report.xsd" version="3.0.1" name="TestSuite" time="562.707" tests="26" errors="0" skipped="0" failures="0">
  <properties>
[...]
</properties>
  <testcase name="tc_01_registerUser" classname="regression.DemoGuruTestCases" time="15.261">
    <system-err><![CDATA[SLF4J: Failed to load class "org.slf4j.impl.StaticLoggerBinder".
SLF4J: Defaulting to no-operation (NOP) logger implementation
SLF4J: See http://www.slf4j.org/codes.html#StaticLoggerBinder for further details.
Aug 04, 2026 10:29:04 PM org.openqa.selenium.devtools.CdpVersionFinder findNearestMatch
WARNING: Unable to find CDP implementation matching 150
Aug 04, 2026 10:29:04 PM org.openqa.selenium.chromium.ChromiumDriver lambda$new$5
WARNING: Unable to find version of CDP to use for 150.0.7871.187. You may need to include a dependency on a specific version of the CDP using something similar to `org.seleniumhq.selenium:selenium-devtools-v86:4.25.0` where the version ("v86") matches the version of the chromium-based browser you're using and the version number of the artifact is the same as Selenium's.
]]></system-err>
  </testcase>
  <testcase name="tc_02_LoginSuccesfully" classname="regression.DemoGuruTestCases" time="25.146">
    <system-out><![CDATA[Capturing screenshot for test: tc_01_registerUser
Screenshot saved to: D:\Data\Desktop\Automation\STAAutomationDemo\Reports\REGRESSION_${BROWSER}\img-src\tc_01_registerUser_2026_08_04__22_29_22.png
]]></system-out>
    <system-err><![CDATA[Aug 04, 2026 10:29:25 PM org.openqa.selenium.devtools.CdpVersionFinder findNearestMatch
WARNING: Unable to find CDP implementation matching 150
Aug 04, 2026 10:29:25 PM org.openqa.selenium.chromium.ChromiumDriver lambda$new$5
WARNING: Unable to find version of CDP to use for 150.0.7871.187. You may need to include a dependency on a specific version of the CDP using something similar to `org.seleniumhq.selenium:selenium-devtools-v86:4.25.0` where the version ("v86") matches the version of the chromium-based browser you're using and the version number of the artifact is the same as Selenium's.
]]></system-err>
  </testcase>
  <testcase name="tc_03_LoginWithIncorrectEmailAndPass" classname="regression.DemoGuruTestCases" time="23.414">
    <system-out><![CDATA[Capturing screenshot for test: tc_02_LoginSuccesfully
Screenshot saved to: D:\Data\Desktop\Automation\STAAutomationDemo\Reports\REGRESSION_${BROWSER}\img-src\tc_02_LoginSuccesfully_2026_08_04__22_29_53.png
]]></system-out>
    <system-err><![CDATA[Aug 04, 2026 10:29:55 PM org.openqa.selenium.devtools.CdpVersionFinder findNearestMatch
WARNING: Unable to find CDP implementation matching 150
Aug 04, 2026 10:29:55 PM org.openqa.selenium.chromium.ChromiumDriver lambda$new$5
WARNING: Unable to find version of CDP to use for 150.0.7871.187. You may need to include a dependency on a specific version of the CDP using something similar to `org.seleniumhq.selenium:selenium-devtools-v86:4.25.0` where the version ("v86") matches the version of the chromium-based browser you're using and the version number of the artifact is the same as Selenium's.
]]></system-err>
  </testcase>
  <testcase name="tc_04_LogoutUser" classname="regression.DemoGuruTestCases" time="26.125">
    <system-out><![CDATA[Capturing screenshot for test: tc_03_LoginWithIncorrectEmailAndPass
Screenshot saved to: D:\Data\Desktop\Automation\STAAutomationDemo\Reports\REGRESSION_${BROWSER}\img-src\tc_03_LoginWithIncorrectEmailAndPass_2026_08_04__22_30_21.png
]]></system-out>
    <system-err><![CDATA[Aug 04, 2026 10:30:24 PM org.openqa.selenium.devtools.CdpVersionFinder findNearestMatch
WARNING: Unable to find CDP implementation matching 150
Aug 04, 2026 10:30:24 PM org.openqa.selenium.chromium.ChromiumDriver lambda$new$5
WARNING: Unable to find version of CDP to use for 150.0.7871.187. You may need to include a dependency on a specific version of the CDP using something similar to `org.seleniumhq.selenium:selenium-devtools-v86:4.25.0` where the version ("v86") matches the version of the chromium-based browser you're using and the version number of the artifact is the same as Selenium's.
]]></system-err>
  </testcase>
  <testcase name="tc_05_SignUpWithExistingEmail" classname="regression.DemoGuruTestCases" time="5.932">
    <system-out><![CDATA[Capturing screenshot for test: tc_04_LogoutUser
Screenshot saved to: D:\Data\Desktop\Automation\STAAutomationDemo\Reports\REGRESSION_${BROWSER}\img-src\tc_04_LogoutUser_2026_08_04__22_30_53.png
]]></system-out>
    <system-err><![CDATA[Aug 04, 2026 10:30:55 PM org.openqa.selenium.devtools.CdpVersionFinder findNearestMatch
WARNING: Unable to find CDP implementation matching 150
Aug 04, 2026 10:30:55 PM org.openqa.selenium.chromium.ChromiumDriver lambda$new$5
WARNING: Unable to find version of CDP to use for 150.0.7871.187. You may need to include a dependency on a specific version of the CDP using something similar to `org.seleniumhq.selenium:selenium-devtools-v86:4.25.0` where the version ("v86") matches the version of the chromium-based browser you're using and the version number of the artifact is the same as Selenium's.
]]></system-err>
  </testcase>
  <testcase name="tc_06_ContactUsForm" classname="regression.DemoGuruTestCases" time="14.49">
    <system-out><![CDATA[Capturing screenshot for test: tc_05_SignUpWithExistingEmail
Screenshot saved to: D:\Data\Desktop\Automation\STAAutomationDemo\Reports\REGRESSION_${BROWSER}\img-src\tc_05_SignUpWithExistingEmail_2026_08_04__22_31_28.png
>>> TEST METHOD STARTED: tc_06_ContactUsForm
Does Java see the file? true
]]></system-out>
    <system-err><![CDATA[Aug 04, 2026 10:31:29 PM org.openqa.selenium.devtools.CdpVersionFinder findNearestMatch
WARNING: Unable to find CDP implementation matching 150
Aug 04, 2026 10:31:29 PM org.openqa.selenium.chromium.ChromiumDriver lambda$new$5
WARNING: Unable to find version of CDP to use for 150.0.7871.187. You may need to include a dependency on a specific version of the CDP using something similar to `org.seleniumhq.selenium:selenium-devtools-v86:4.25.0` where the version ("v86") matches the version of the chromium-based browser you're using and the version number of the artifact is the same as Selenium's.
]]></system-err>
  </testcase>
  <testcase name="tc_07_TestCasesPage" classname="regression.DemoGuruTestCases" time="3.04">
    <system-out><![CDATA[Capturing screenshot for test: tc_06_ContactUsForm
Screenshot saved to: D:\Data\Desktop\Automation\STAAutomationDemo\Reports\REGRESSION_${BROWSER}\img-src\tc_06_ContactUsForm_2026_08_04__22_31_48.png
]]></system-out>
    <system-err><![CDATA[Aug 04, 2026 10:31:51 PM org.openqa.selenium.devtools.CdpVersionFinder findNearestMatch
WARNING: Unable to find CDP implementation matching 150
Aug 04, 2026 10:31:51 PM org.openqa.selenium.chromium.ChromiumDriver lambda$new$5
WARNING: Unable to find version of CDP to use for 150.0.7871.187. You may need to include a dependency on a specific version of the CDP using something similar to `org.seleniumhq.selenium:selenium-devtools-v86:4.25.0` where the version ("v86") matches the version of the chromium-based browser you're using and the version number of the artifact is the same as Selenium's.
]]></system-err>
  </testcase>
  <testcase name="tc_08_ProductPage" classname="regression.DemoGuruTestCases" time="5.047">
    <system-out><![CDATA[Capturing screenshot for test: tc_07_TestCasesPage
Screenshot saved to: D:\Data\Desktop\Automation\STAAutomationDemo\Reports\REGRESSION_${BROWSER}\img-src\tc_07_TestCasesPage_2026_08_04__22_31_57.png
]]></system-out>
    <system-err><![CDATA[Aug 04, 2026 10:31:59 PM org.openqa.selenium.devtools.CdpVersionFinder findNearestMatch
WARNING: Unable to find CDP implementation matching 150
Aug 04, 2026 10:31:59 PM org.openqa.selenium.chromium.ChromiumDriver lambda$new$5
WARNING: Unable to find version of CDP to use for 150.0.7871.187. You may need to include a dependency on a specific version of the CDP using something similar to `org.seleniumhq.selenium:selenium-devtools-v86:4.25.0` where the version ("v86") matches the version of the chromium-based browser you're using and the version number of the artifact is the same as Selenium's.
]]></system-err>
  </testcase>
  <testcase name="tc_09_SearchProduct" classname="regression.DemoGuruTestCases" time="5.087">
    <system-out><![CDATA[Capturing screenshot for test: tc_08_ProductPage
Screenshot saved to: D:\Data\Desktop\Automation\STAAutomationDemo\Reports\REGRESSION_${BROWSER}\img-src\tc_08_ProductPage_2026_08_04__22_32_06.png
]]></system-out>
    <system-err><![CDATA[Aug 04, 2026 10:32:08 PM org.openqa.selenium.devtools.CdpVersionFinder findNearestMatch
WARNING: Unable to find CDP implementation matching 150
Aug 04, 2026 10:32:08 PM org.openqa.selenium.chromium.ChromiumDriver lambda$new$5
WARNING: Unable to find version of CDP to use for 150.0.7871.187. You may need to include a dependency on a specific version of the CDP using something similar to `org.seleniumhq.selenium:selenium-devtools-v86:4.25.0` where the version ("v86") matches the version of the chromium-based browser you're using and the version number of the artifact is the same as Selenium's.
]]></system-err>
  </testcase>
  <testcase name="tc10_VerifySubscriptionInHomePage" classname="regression.DemoGuruTestCases" time="0.393">
    <system-out><![CDATA[Capturing screenshot for test: tc_09_SearchProduct
Screenshot saved to: D:\Data\Desktop\Automation\STAAutomationDemo\Reports\REGRESSION_${BROWSER}\img-src\tc_09_SearchProduct_2026_08_04__22_32_16.png
]]></system-out>
    <system-err><![CDATA[Aug 04, 2026 10:32:18 PM org.openqa.selenium.devtools.CdpVersionFinder findNearestMatch
WARNING: Unable to find CDP implementation matching 150
Aug 04, 2026 10:32:18 PM org.openqa.selenium.chromium.ChromiumDriver lambda$new$5
WARNING: Unable to find version of CDP to use for 150.0.7871.187. You may need to include a dependency on a specific version of the CDP using something similar to `org.seleniumhq.selenium:selenium-devtools-v86:4.25.0` where the version ("v86") matches the version of the chromium-based browser you're using and the version number of the artifact is the same as Selenium's.
]]></system-err>
  </testcase>
  <testcase name="tc11_VerifySubscriptionInCartPage" classname="regression.DemoGuruTestCases" time="2.718">
    <system-out><![CDATA[Capturing screenshot for test: tc10_VerifySubscriptionInHomePage
Screenshot saved to: D:\Data\Desktop\Automation\STAAutomationDemo\Reports\REGRESSION_${BROWSER}\img-src\tc10_VerifySubscriptionInHomePage_2026_08_04__22_32_22.png
]]></system-out>
    <system-err><![CDATA[Aug 04, 2026 10:32:23 PM org.openqa.selenium.devtools.CdpVersionFinder findNearestMatch
WARNING: Unable to find CDP implementation matching 150
Aug 04, 2026 10:32:23 PM org.openqa.selenium.chromium.ChromiumDriver lambda$new$5
WARNING: Unable to find version of CDP to use for 150.0.7871.187. You may need to include a dependency on a specific version of the CDP using something similar to `org.seleniumhq.selenium:selenium-devtools-v86:4.25.0` where the version ("v86") matches the version of the chromium-based browser you're using and the version number of the artifact is the same as Selenium's.
]]></system-err>
  </testcase>
  <testcase name="tc12_AddProductsInCart" classname="regression.DemoGuruTestCases" time="7.245">
    <system-out><![CDATA[Capturing screenshot for test: tc11_VerifySubscriptionInCartPage
Screenshot saved to: D:\Data\Desktop\Automation\STAAutomationDemo\Reports\REGRESSION_${BROWSER}\img-src\tc11_VerifySubscriptionInCartPage_2026_08_04__22_32_29.png
]]></system-out>
    <system-err><![CDATA[Aug 04, 2026 10:32:30 PM org.openqa.selenium.devtools.CdpVersionFinder findNearestMatch
WARNING: Unable to find CDP implementation matching 150
Aug 04, 2026 10:32:30 PM org.openqa.selenium.chromium.ChromiumDriver lambda$new$5
WARNING: Unable to find version of CDP to use for 150.0.7871.187. You may need to include a dependency on a specific version of the CDP using something similar to `org.seleniumhq.selenium:selenium-devtools-v86:4.25.0` where the version ("v86") matches the version of the chromium-based browser you're using and the version number of the artifact is the same as Selenium's.
]]></system-err>
  </testcase>
  <testcase name="tc13_VerifyProductQuantityInCart" classname="regression.DemoGuruTestCases" time="6.558">
    <system-out><![CDATA[Capturing screenshot for test: tc12_AddProductsInCart
Screenshot saved to: D:\Data\Desktop\Automation\STAAutomationDemo\Reports\REGRESSION_${BROWSER}\img-src\tc12_AddProductsInCart_2026_08_04__22_32_41.png
]]></system-out>
    <system-err><![CDATA[Aug 04, 2026 10:32:42 PM org.openqa.selenium.devtools.CdpVersionFinder findNearestMatch
WARNING: Unable to find CDP implementation matching 150
Aug 04, 2026 10:32:42 PM org.openqa.selenium.chromium.ChromiumDriver lambda$new$5
WARNING: Unable to find version of CDP to use for 150.0.7871.187. You may need to include a dependency on a specific version of the CDP using something similar to `org.seleniumhq.selenium:selenium-devtools-v86:4.25.0` where the version ("v86") matches the version of the chromium-based browser you're using and the version number of the artifact is the same as Selenium's.
]]></system-err>
  </testcase>
  <testcase name="tc14_PlaceOrderRegisterWhileCheckout" classname="regression.DemoGuruTestCases" time="36.956">
    <system-out><![CDATA[Capturing screenshot for test: tc13_VerifyProductQuantityInCart
Screenshot saved to: D:\Data\Desktop\Automation\STAAutomationDemo\Reports\REGRESSION_${BROWSER}\img-src\tc13_VerifyProductQuantityInCart_2026_08_04__22_33_32.png
]]></system-out>
    <system-err><![CDATA[Aug 04, 2026 10:33:33 PM org.openqa.selenium.devtools.CdpVersionFinder findNearestMatch
WARNING: Unable to find CDP implementation matching 150
Aug 04, 2026 10:33:33 PM org.openqa.selenium.chromium.ChromiumDriver lambda$new$5
WARNING: Unable to find version of CDP to use for 150.0.7871.187. You may need to include a dependency on a specific version of the CDP using something similar to `org.seleniumhq.selenium:selenium-devtools-v86:4.25.0` where the version ("v86") matches the version of the chromium-based browser you're using and the version number of the artifact is the same as Selenium's.
]]></system-err>
  </testcase>
  <testcase name="tc15_PlaceOrderRegisterBeforeCheckout" classname="regression.DemoGuruTestCases" time="32.049">
    <system-out><![CDATA[Capturing screenshot for test: tc14_PlaceOrderRegisterWhileCheckout
Screenshot saved to: D:\Data\Desktop\Automation\STAAutomationDemo\Reports\REGRESSION_${BROWSER}\img-src\tc14_PlaceOrderRegisterWhileCheckout_2026_08_04__22_34_11.png
]]></system-out>
    <system-err><![CDATA[Aug 04, 2026 10:34:12 PM org.openqa.selenium.devtools.CdpVersionFinder findNearestMatch
WARNING: Unable to find CDP implementation matching 150
Aug 04, 2026 10:34:12 PM org.openqa.selenium.chromium.ChromiumDriver lambda$new$5
WARNING: Unable to find version of CDP to use for 150.0.7871.187. You may need to include a dependency on a specific version of the CDP using something similar to `org.seleniumhq.selenium:selenium-devtools-v86:4.25.0` where the version ("v86") matches the version of the chromium-based browser you're using and the version number of the artifact is the same as Selenium's.
]]></system-err>
  </testcase>
  <testcase name="tc16_PlaceOrderLoginBeforeCheckout" classname="regression.DemoGuruTestCases" time="46.149">
    <system-out><![CDATA[Capturing screenshot for test: tc15_PlaceOrderRegisterBeforeCheckout
Screenshot saved to: D:\Data\Desktop\Automation\STAAutomationDemo\Reports\REGRESSION_${BROWSER}\img-src\tc15_PlaceOrderRegisterBeforeCheckout_2026_08_04__22_34_47.png
]]></system-out>
    <system-err><![CDATA[Aug 04, 2026 10:34:49 PM org.openqa.selenium.devtools.CdpVersionFinder findNearestMatch
WARNING: Unable to find CDP implementation matching 150
Aug 04, 2026 10:34:49 PM org.openqa.selenium.chromium.ChromiumDriver lambda$new$5
WARNING: Unable to find version of CDP to use for 150.0.7871.187. You may need to include a dependency on a specific version of the CDP using something similar to `org.seleniumhq.selenium:selenium-devtools-v86:4.25.0` where the version ("v86") matches the version of the chromium-based browser you're using and the version number of the artifact is the same as Selenium's.
]]></system-err>
  </testcase>
  <testcase name="tc17_RemoveProductsFromCart" classname="regression.DemoGuruTestCases" time="6.563">
    <system-out><![CDATA[Capturing screenshot for test: tc16_PlaceOrderLoginBeforeCheckout
Screenshot saved to: D:\Data\Desktop\Automation\STAAutomationDemo\Reports\REGRESSION_${BROWSER}\img-src\tc16_PlaceOrderLoginBeforeCheckout_2026_08_04__22_35_38.png
]]></system-out>
    <system-err><![CDATA[Aug 04, 2026 10:35:40 PM org.openqa.selenium.devtools.CdpVersionFinder findNearestMatch
WARNING: Unable to find CDP implementation matching 150
Aug 04, 2026 10:35:40 PM org.openqa.selenium.chromium.ChromiumDriver lambda$new$5
WARNING: Unable to find version of CDP to use for 150.0.7871.187. You may need to include a dependency on a specific version of the CDP using something similar to `org.seleniumhq.selenium:selenium-devtools-v86:4.25.0` where the version ("v86") matches the version of the chromium-based browser you're using and the version number of the artifact is the same as Selenium's.
]]></system-err>
  </testcase>
  <testcase name="tc18_ViewCategoryProducts" classname="regression.DemoGuruTestCases" time="5.806">
    <system-out><![CDATA[Capturing screenshot for test: tc17_RemoveProductsFromCart
Screenshot saved to: D:\Data\Desktop\Automation\STAAutomationDemo\Reports\REGRESSION_${BROWSER}\img-src\tc17_RemoveProductsFromCart_2026_08_04__22_35_49.png
]]></system-out>
    <system-err><![CDATA[Aug 04, 2026 10:35:51 PM org.openqa.selenium.devtools.CdpVersionFinder findNearestMatch
WARNING: Unable to find CDP implementation matching 150
Aug 04, 2026 10:35:51 PM org.openqa.selenium.chromium.ChromiumDriver lambda$new$5
WARNING: Unable to find version of CDP to use for 150.0.7871.187. You may need to include a dependency on a specific version of the CDP using something similar to `org.seleniumhq.selenium:selenium-devtools-v86:4.25.0` where the version ("v86") matches the version of the chromium-based browser you're using and the version number of the artifact is the same as Selenium's.
]]></system-err>
  </testcase>
  <testcase name="tc19_ViewAndCartBrandProducts" classname="regression.DemoGuruTestCases" time="7.363">
    <system-out><![CDATA[Capturing screenshot for test: tc18_ViewCategoryProducts
Screenshot saved to: D:\Data\Desktop\Automation\STAAutomationDemo\Reports\REGRESSION_${BROWSER}\img-src\tc18_ViewCategoryProducts_2026_08_04__22_36_00.png
]]></system-out>
    <system-err><![CDATA[Aug 04, 2026 10:36:02 PM org.openqa.selenium.devtools.CdpVersionFinder findNearestMatch
WARNING: Unable to find CDP implementation matching 150
Aug 04, 2026 10:36:02 PM org.openqa.selenium.chromium.ChromiumDriver lambda$new$5
WARNING: Unable to find version of CDP to use for 150.0.7871.187. You may need to include a dependency on a specific version of the CDP using something similar to `org.seleniumhq.selenium:selenium-devtools-v86:4.25.0` where the version ("v86") matches the version of the chromium-based browser you're using and the version number of the artifact is the same as Selenium's.
]]></system-err>
  </testcase>
  <testcase name="tc20_SearchProductsAndVerifyCartAfterLogin" classname="regression.DemoGuruTestCases" time="20.504">
    <system-out><![CDATA[Capturing screenshot for test: tc19_ViewAndCartBrandProducts
Screenshot saved to: D:\Data\Desktop\Automation\STAAutomationDemo\Reports\REGRESSION_${BROWSER}\img-src\tc19_ViewAndCartBrandProducts_2026_08_04__22_36_12.png
]]></system-out>
    <system-err><![CDATA[Aug 04, 2026 10:36:13 PM org.openqa.selenium.devtools.CdpVersionFinder findNearestMatch
WARNING: Unable to find CDP implementation matching 150
Aug 04, 2026 10:36:13 PM org.openqa.selenium.chromium.ChromiumDriver lambda$new$5
WARNING: Unable to find version of CDP to use for 150.0.7871.187. You may need to include a dependency on a specific version of the CDP using something similar to `org.seleniumhq.selenium:selenium-devtools-v86:4.25.0` where the version ("v86") matches the version of the chromium-based browser you're using and the version number of the artifact is the same as Selenium's.
]]></system-err>
  </testcase>
  <testcase name="tc21_AddReviewOnProduct" classname="regression.DemoGuruTestCases" time="6.167">
    <system-out><![CDATA[Capturing screenshot for test: tc20_SearchProductsAndVerifyCartAfterLogin
Screenshot saved to: D:\Data\Desktop\Automation\STAAutomationDemo\Reports\REGRESSION_${BROWSER}\img-src\tc20_SearchProductsAndVerifyCartAfterLogin_2026_08_04__22_36_37.png
]]></system-out>
    <system-err><![CDATA[Aug 04, 2026 10:36:38 PM org.openqa.selenium.devtools.CdpVersionFinder findNearestMatch
WARNING: Unable to find CDP implementation matching 150
Aug 04, 2026 10:36:38 PM org.openqa.selenium.chromium.ChromiumDriver lambda$new$5
WARNING: Unable to find version of CDP to use for 150.0.7871.187. You may need to include a dependency on a specific version of the CDP using something similar to `org.seleniumhq.selenium:selenium-devtools-v86:4.25.0` where the version ("v86") matches the version of the chromium-based browser you're using and the version number of the artifact is the same as Selenium's.
]]></system-err>
  </testcase>
  <testcase name="tc22_AddToCartFromRecommendedItems" classname="regression.DemoGuruTestCases" time="2.924">
    <system-out><![CDATA[Capturing screenshot for test: tc21_AddReviewOnProduct
Screenshot saved to: D:\Data\Desktop\Automation\STAAutomationDemo\Reports\REGRESSION_${BROWSER}\img-src\tc21_AddReviewOnProduct_2026_08_04__22_36_48.png
]]></system-out>
    <system-err><![CDATA[Aug 04, 2026 10:36:49 PM org.openqa.selenium.devtools.CdpVersionFinder findNearestMatch
WARNING: Unable to find CDP implementation matching 150
Aug 04, 2026 10:36:49 PM org.openqa.selenium.chromium.ChromiumDriver lambda$new$5
WARNING: Unable to find version of CDP to use for 150.0.7871.187. You may need to include a dependency on a specific version of the CDP using something similar to `org.seleniumhq.selenium:selenium-devtools-v86:4.25.0` where the version ("v86") matches the version of the chromium-based browser you're using and the version number of the artifact is the same as Selenium's.
]]></system-err>
  </testcase>
  <testcase name="tc23_VerifyAddressDetailsInCheckoutPage" classname="regression.DemoGuruTestCases" time="26.431">
    <system-out><![CDATA[Capturing screenshot for test: tc22_AddToCartFromRecommendedItems
Screenshot saved to: D:\Data\Desktop\Automation\STAAutomationDemo\Reports\REGRESSION_${BROWSER}\img-src\tc22_AddToCartFromRecommendedItems_2026_08_04__22_36_55.png
]]></system-out>
    <system-err><![CDATA[Aug 04, 2026 10:36:57 PM org.openqa.selenium.devtools.CdpVersionFinder findNearestMatch
WARNING: Unable to find CDP implementation matching 150
Aug 04, 2026 10:36:57 PM org.openqa.selenium.chromium.ChromiumDriver lambda$new$5
WARNING: Unable to find version of CDP to use for 150.0.7871.187. You may need to include a dependency on a specific version of the CDP using something similar to `org.seleniumhq.selenium:selenium-devtools-v86:4.25.0` where the version ("v86") matches the version of the chromium-based browser you're using and the version number of the artifact is the same as Selenium's.
]]></system-err>
  </testcase>
  <testcase name="tc24_DownloadInvoiceAfterPurchaseOrder" classname="regression.DemoGuruTestCases" time="39.264">
    <system-out><![CDATA[Capturing screenshot for test: tc23_VerifyAddressDetailsInCheckoutPage
Screenshot saved to: D:\Data\Desktop\Automation\STAAutomationDemo\Reports\REGRESSION_${BROWSER}\img-src\tc23_VerifyAddressDetailsInCheckoutPage_2026_08_04__22_37_27.png
]]></system-out>
    <system-err><![CDATA[Aug 04, 2026 10:37:29 PM org.openqa.selenium.devtools.CdpVersionFinder findNearestMatch
WARNING: Unable to find CDP implementation matching 150
Aug 04, 2026 10:37:29 PM org.openqa.selenium.chromium.ChromiumDriver lambda$new$5
WARNING: Unable to find version of CDP to use for 150.0.7871.187. You may need to include a dependency on a specific version of the CDP using something similar to `org.seleniumhq.selenium:selenium-devtools-v86:4.25.0` where the version ("v86") matches the version of the chromium-based browser you're using and the version number of the artifact is the same as Selenium's.
]]></system-err>
  </testcase>
  <testcase name="tc25_VerifyScrollUpUsingArrowButtonAndScrollDownFunctionality" classname="regression.DemoGuruTestCases" time="0.214">
    <system-out><![CDATA[Capturing screenshot for test: tc24_DownloadInvoiceAfterPurchaseOrder
Screenshot saved to: D:\Data\Desktop\Automation\STAAutomationDemo\Reports\REGRESSION_${BROWSER}\img-src\tc24_DownloadInvoiceAfterPurchaseOrder_2026_08_04__22_38_11.png
]]></system-out>
    <system-err><![CDATA[Aug 04, 2026 10:38:13 PM org.openqa.selenium.devtools.CdpVersionFinder findNearestMatch
WARNING: Unable to find CDP implementation matching 150
Aug 04, 2026 10:38:13 PM org.openqa.selenium.chromium.ChromiumDriver lambda$new$5
WARNING: Unable to find version of CDP to use for 150.0.7871.187. You may need to include a dependency on a specific version of the CDP using something similar to `org.seleniumhq.selenium:selenium-devtools-v86:4.25.0` where the version ("v86") matches the version of the chromium-based browser you're using and the version number of the artifact is the same as Selenium's.
]]></system-err>
  </testcase>
  <testcase name="tc26_VerifyScrollUpWithoutArrowButtonAndScrollDownFunctionality" classname="regression.DemoGuruTestCases" time="0.197">
    <system-out><![CDATA[Capturing screenshot for test: tc25_VerifyScrollUpUsingArrowButtonAndScrollDownFunctionality
Screenshot saved to: D:\Data\Desktop\Automation\STAAutomationDemo\Reports\REGRESSION_${BROWSER}\img-src\tc25_VerifyScrollUpUsingArrowButtonAndScrollDownFunctionality_2026_08_04__22_38_17.png
]]></system-out>
    <system-err><![CDATA[Aug 04, 2026 10:38:19 PM org.openqa.selenium.devtools.CdpVersionFinder findNearestMatch
WARNING: Unable to find CDP implementation matching 150
Aug 04, 2026 10:38:19 PM org.openqa.selenium.chromium.ChromiumDriver lambda$new$5
WARNING: Unable to find version of CDP to use for 150.0.7871.187. You may need to include a dependency on a specific version of the CDP using something similar to `org.seleniumhq.selenium:selenium-devtools-v86:4.25.0` where the version ("v86") matches the version of the chromium-based browser you're using and the version number of the artifact is the same as Selenium's.
]]></system-err>
  </testcase>
</testsuite>