<?xml version="1.0" encoding="UTF-8"?>
<testsuite xmlns:xsi="http://www.w3.org/2001/XMLSchema-instance" xsi:noNamespaceSchemaLocation="https://maven.apache.org/surefire/maven-surefire-plugin/xsd/surefire-test-report.xsd" version="3.0.1" name="regression.DemoGuruTestCases" time="111.58" tests="8" errors="0" skipped="0" failures="0">
  <properties>
[...]
</properties>
  <testcase name="tc10_VerifySubscriptionInHomePage" classname="regression.DemoGuruTestCases" time="0.269">
    <system-err><![CDATA[SLF4J: Failed to load class "org.slf4j.impl.StaticLoggerBinder".
SLF4J: Defaulting to no-operation (NOP) logger implementation
SLF4J: See http://www.slf4j.org/codes.html#StaticLoggerBinder for further details.
Aug 02, 2026 8:02:31 PM org.openqa.selenium.devtools.CdpVersionFinder findNearestMatch
WARNING: Unable to find CDP implementation matching 151
Aug 02, 2026 8:02:31 PM org.openqa.selenium.chromium.ChromiumDriver lambda$new$5
WARNING: Unable to find version of CDP to use for 151.0.7922.71. You may need to include a dependency on a specific version of the CDP using something similar to `org.seleniumhq.selenium:selenium-devtools-v86:4.25.0` where the version ("v86") matches the version of the chromium-based browser you're using and the version number of the artifact is the same as Selenium's.
]]></system-err>
  </testcase>
  <testcase name="tc11_VerifySubscriptionInCartPage" classname="regression.DemoGuruTestCases" time="1.784">
    <system-out><![CDATA[Capturing screenshot for test: tc10_VerifySubscriptionInHomePage
Screenshot saved to: D:\Capstone\AutomationThings\IT-ELECT-3-ASYNC-2-PIRATES\Reports\REGRESSION_CHROME\img-src\tc10_VerifySubscriptionInHomePage_2026_08_02__20_02_34.png
]]></system-out>
    <system-err><![CDATA[Aug 02, 2026 8:02:35 PM org.openqa.selenium.devtools.CdpVersionFinder findNearestMatch
WARNING: Unable to find CDP implementation matching 151
Aug 02, 2026 8:02:35 PM org.openqa.selenium.chromium.ChromiumDriver lambda$new$5
WARNING: Unable to find version of CDP to use for 151.0.7922.71. You may need to include a dependency on a specific version of the CDP using something similar to `org.seleniumhq.selenium:selenium-devtools-v86:4.25.0` where the version ("v86") matches the version of the chromium-based browser you're using and the version number of the artifact is the same as Selenium's.
]]></system-err>
  </testcase>
  <testcase name="tc12_AddProductsInCart" classname="regression.DemoGuruTestCases" time="4.483">
    <system-out><![CDATA[Capturing screenshot for test: tc11_VerifySubscriptionInCartPage
Screenshot saved to: D:\Capstone\AutomationThings\IT-ELECT-3-ASYNC-2-PIRATES\Reports\REGRESSION_CHROME\img-src\tc11_VerifySubscriptionInCartPage_2026_08_02__20_02_39.png
]]></system-out>
    <system-err><![CDATA[Aug 02, 2026 8:02:40 PM org.openqa.selenium.devtools.CdpVersionFinder findNearestMatch
WARNING: Unable to find CDP implementation matching 151
Aug 02, 2026 8:02:40 PM org.openqa.selenium.chromium.ChromiumDriver lambda$new$5
WARNING: Unable to find version of CDP to use for 151.0.7922.71. You may need to include a dependency on a specific version of the CDP using something similar to `org.seleniumhq.selenium:selenium-devtools-v86:4.25.0` where the version ("v86") matches the version of the chromium-based browser you're using and the version number of the artifact is the same as Selenium's.
]]></system-err>
  </testcase>
  <testcase name="tc13_VerifyProductQuantityInCart" classname="regression.DemoGuruTestCases" time="4.504">
    <system-out><![CDATA[Capturing screenshot for test: tc12_AddProductsInCart
Screenshot saved to: D:\Capstone\AutomationThings\IT-ELECT-3-ASYNC-2-PIRATES\Reports\REGRESSION_CHROME\img-src\tc12_AddProductsInCart_2026_08_02__20_02_47.png
]]></system-out>
    <system-err><![CDATA[Aug 02, 2026 8:02:48 PM org.openqa.selenium.devtools.CdpVersionFinder findNearestMatch
WARNING: Unable to find CDP implementation matching 151
Aug 02, 2026 8:02:48 PM org.openqa.selenium.chromium.ChromiumDriver lambda$new$5
WARNING: Unable to find version of CDP to use for 151.0.7922.71. You may need to include a dependency on a specific version of the CDP using something similar to `org.seleniumhq.selenium:selenium-devtools-v86:4.25.0` where the version ("v86") matches the version of the chromium-based browser you're using and the version number of the artifact is the same as Selenium's.
]]></system-err>
  </testcase>
  <testcase name="tc14_PlaceOrderRegisterWhileCheckout" classname="regression.DemoGuruTestCases" time="20.107">
    <system-out><![CDATA[Capturing screenshot for test: tc13_VerifyProductQuantityInCart
Screenshot saved to: D:\Capstone\AutomationThings\IT-ELECT-3-ASYNC-2-PIRATES\Reports\REGRESSION_CHROME\img-src\tc13_VerifyProductQuantityInCart_2026_08_02__20_02_55.png
]]></system-out>
    <system-err><![CDATA[Aug 02, 2026 8:02:56 PM org.openqa.selenium.devtools.CdpVersionFinder findNearestMatch
WARNING: Unable to find CDP implementation matching 151
Aug 02, 2026 8:02:56 PM org.openqa.selenium.chromium.ChromiumDriver lambda$new$5
WARNING: Unable to find version of CDP to use for 151.0.7922.71. You may need to include a dependency on a specific version of the CDP using something similar to `org.seleniumhq.selenium:selenium-devtools-v86:4.25.0` where the version ("v86") matches the version of the chromium-based browser you're using and the version number of the artifact is the same as Selenium's.
]]></system-err>
  </testcase>
  <testcase name="tc15_PlaceOrderRegisterBeforeCheckout" classname="regression.DemoGuruTestCases" time="15.436">
    <system-out><![CDATA[Capturing screenshot for test: tc14_PlaceOrderRegisterWhileCheckout
Screenshot saved to: D:\Capstone\AutomationThings\IT-ELECT-3-ASYNC-2-PIRATES\Reports\REGRESSION_CHROME\img-src\tc14_PlaceOrderRegisterWhileCheckout_2026_08_02__20_03_19.png
]]></system-out>
    <system-err><![CDATA[Aug 02, 2026 8:03:20 PM org.openqa.selenium.devtools.CdpVersionFinder findNearestMatch
WARNING: Unable to find CDP implementation matching 151
Aug 02, 2026 8:03:20 PM org.openqa.selenium.chromium.ChromiumDriver lambda$new$5
WARNING: Unable to find version of CDP to use for 151.0.7922.71. You may need to include a dependency on a specific version of the CDP using something similar to `org.seleniumhq.selenium:selenium-devtools-v86:4.25.0` where the version ("v86") matches the version of the chromium-based browser you're using and the version number of the artifact is the same as Selenium's.
]]></system-err>
  </testcase>
  <testcase name="tc16_PlaceOrderLoginBeforeCheckout" classname="regression.DemoGuruTestCases" time="23.741">
    <system-out><![CDATA[Capturing screenshot for test: tc15_PlaceOrderRegisterBeforeCheckout
Screenshot saved to: D:\Capstone\AutomationThings\IT-ELECT-3-ASYNC-2-PIRATES\Reports\REGRESSION_CHROME\img-src\tc15_PlaceOrderRegisterBeforeCheckout_2026_08_02__20_03_38.png
]]></system-out>
    <system-err><![CDATA[Aug 02, 2026 8:03:39 PM org.openqa.selenium.devtools.CdpVersionFinder findNearestMatch
WARNING: Unable to find CDP implementation matching 151
Aug 02, 2026 8:03:39 PM org.openqa.selenium.chromium.ChromiumDriver lambda$new$5
WARNING: Unable to find version of CDP to use for 151.0.7922.71. You may need to include a dependency on a specific version of the CDP using something similar to `org.seleniumhq.selenium:selenium-devtools-v86:4.25.0` where the version ("v86") matches the version of the chromium-based browser you're using and the version number of the artifact is the same as Selenium's.
]]></system-err>
  </testcase>
  <testcase name="tc17_RemoveProductsFromCart" classname="regression.DemoGuruTestCases" time="7.467">
    <system-out><![CDATA[Capturing screenshot for test: tc16_PlaceOrderLoginBeforeCheckout
Screenshot saved to: D:\Capstone\AutomationThings\IT-ELECT-3-ASYNC-2-PIRATES\Reports\REGRESSION_CHROME\img-src\tc16_PlaceOrderLoginBeforeCheckout_2026_08_02__20_04_05.png
]]></system-out>
    <system-err><![CDATA[Aug 02, 2026 8:04:06 PM org.openqa.selenium.devtools.CdpVersionFinder findNearestMatch
WARNING: Unable to find CDP implementation matching 151
Aug 02, 2026 8:04:06 PM org.openqa.selenium.chromium.ChromiumDriver lambda$new$5
WARNING: Unable to find version of CDP to use for 151.0.7922.71. You may need to include a dependency on a specific version of the CDP using something similar to `org.seleniumhq.selenium:selenium-devtools-v86:4.25.0` where the version ("v86") matches the version of the chromium-based browser you're using and the version number of the artifact is the same as Selenium's.
]]></system-err>
  </testcase>
</testsuite>