<?xml version="1.0" encoding="UTF-8"?>
<!-- Generated by org.testng.reporters.JUnitReportReporter -->
<testsuite hostname="DESKTOP-NAC05LQ" failures="0" tests="8" name="regression.DemoGuruTestCases" time="111.155" errors="0" timestamp="2026-08-02T20:04:21 PST" skipped="0">
  <testcase classname="regression.DemoGuruTestCases" name="tc10_VerifySubscriptionInHomePage" time="3.711"/>
  <system-out/>
  <testcase classname="regression.DemoGuruTestCases" name="tc11_VerifySubscriptionInCartPage" time="10.224"/>
  <system-out/>
  <testcase classname="regression.DemoGuruTestCases" name="tc12_AddProductsInCart" time="7.600"/>
  <system-out/>
  <testcase classname="regression.DemoGuruTestCases" name="tc13_VerifyProductQuantityInCart" time="8.596"/>
  <system-out/>
  <testcase classname="regression.DemoGuruTestCases" name="tc14_PlaceOrderRegisterWhileCheckout" time="23.370"/>
  <system-out/>
  <testcase classname="regression.DemoGuruTestCases" name="tc15_PlaceOrderRegisterBeforeCheckout" time="18.989"/>
  <system-out/>
  <testcase classname="regression.DemoGuruTestCases" name="tc16_PlaceOrderLoginBeforeCheckout" time="26.879"/>
  <system-out/>
  <testcase classname="regression.DemoGuruTestCases" name="tc17_RemoveProductsFromCart" time="11.786"/>
  <system-out/>
</testsuite> <!-- regression.DemoGuruTestCases -->
