<?xml version="1.0" encoding="UTF-8"?>
<!-- Generated by org.testng.reporters.JUnitReportReporter -->
<testsuite hostname="DESKTOP-OJ35B1P" failures="0" tests="26" name="regression.DemoGuruTestCases" time="560.892" errors="0" timestamp="2026-08-04T22:38:24 CST" skipped="0">
  <testcase classname="regression.DemoGuruTestCases" name="tc_01_registerUser" time="19.968"/>
  <system-out/>
  <testcase classname="regression.DemoGuruTestCases" name="tc_02_LoginSuccesfully" time="30.001"/>
  <system-out/>
  <testcase classname="regression.DemoGuruTestCases" name="tc_03_LoginWithIncorrectEmailAndPass" time="29.678"/>
  <system-out/>
  <testcase classname="regression.DemoGuruTestCases" name="tc_04_LogoutUser" time="30.832"/>
  <system-out/>
  <testcase classname="regression.DemoGuruTestCases" name="tc_05_SignUpWithExistingEmail" time="11.464"/>
  <system-out/>
  <testcase classname="regression.DemoGuruTestCases" name="tc_06_ContactUsForm" time="19.154"/>
  <system-out/>
  <testcase classname="regression.DemoGuruTestCases" name="tc_07_TestCasesPage" time="8.356"/>
  <system-out/>
  <testcase classname="regression.DemoGuruTestCases" name="tc_08_ProductPage" time="10.008"/>
  <system-out/>
  <testcase classname="regression.DemoGuruTestCases" name="tc_09_SearchProduct" time="34.175"/>
  <system-out/>
  <testcase classname="regression.DemoGuruTestCases" name="tc10_VerifySubscriptionInHomePage" time="4.222"/>
  <system-out/>
  <testcase classname="regression.DemoGuruTestCases" name="tc11_VerifySubscriptionInCartPage" time="7.330"/>
  <system-out/>
  <testcase classname="regression.DemoGuruTestCases" name="tc12_AddProductsInCart" time="12.281"/>
  <system-out/>
  <testcase classname="regression.DemoGuruTestCases" name="tc13_VerifyProductQuantityInCart" time="11.984"/>
  <system-out/>
  <testcase classname="regression.DemoGuruTestCases" name="tc14_PlaceOrderRegisterWhileCheckout" time="41.615"/>
  <system-out/>
  <testcase classname="regression.DemoGuruTestCases" name="tc15_PlaceOrderRegisterBeforeCheckout" time="36.756"/>
  <system-out/>
  <testcase classname="regression.DemoGuruTestCases" name="tc16_PlaceOrderLoginBeforeCheckout" time="50.528"/>
  <system-out/>
  <testcase classname="regression.DemoGuruTestCases" name="tc17_RemoveProductsFromCart" time="11.774"/>
  <system-out/>
  <testcase classname="regression.DemoGuruTestCases" name="tc18_ViewCategoryProducts" time="10.085"/>
  <system-out/>
  <testcase classname="regression.DemoGuruTestCases" name="tc19_ViewAndCartBrandProducts" time="12.324"/>
  <system-out/>
  <testcase classname="regression.DemoGuruTestCases" name="tc20_SearchProductsAndVerifyCartAfterLogin" time="24.806"/>
  <system-out/>
  <testcase classname="regression.DemoGuruTestCases" name="tc21_AddReviewOnProduct" time="50.706"/>
  <system-out/>
  <testcase classname="regression.DemoGuruTestCases" name="tc22_AddToCartFromRecommendedItems" time="7.187"/>
  <system-out/>
  <testcase classname="regression.DemoGuruTestCases" name="tc23_VerifyAddressDetailsInCheckoutPage" time="31.755"/>
  <system-out/>
  <testcase classname="regression.DemoGuruTestCases" name="tc24_DownloadInvoiceAfterPurchaseOrder" time="44.071"/>
  <system-out/>
  <testcase classname="regression.DemoGuruTestCases" name="tc25_VerifyScrollUpUsingArrowButtonAndScrollDownFunctionality" time="4.836"/>
  <system-out/>
  <testcase classname="regression.DemoGuruTestCases" name="tc26_VerifyScrollUpWithoutArrowButtonAndScrollDownFunctionality" time="4.996"/>
  <system-out/>
</testsuite> <!-- regression.DemoGuruTestCases -->
